#
# A fatal error has been detected by the Java Runtime Environment:
#
#  SIGSEGV (0xb) at pc=0x000000010df5f45f, pid=52273, tid=0x0000000000013707
#
# JRE version: Java(TM) SE Runtime Environment (8.0_141-b15) (build 1.8.0_141-b15)
# Java VM: Java HotSpot(TM) 64-Bit Server VM (25.141-b15 mixed mode bsd-amd64 compressed oops)
# Problematic frame:
# C  [libawt_lwawt.dylib+0x1c45f]  OGLSD_SetScratchSurface+0x49
#
# Failed to write core dump. Core dumps have been disabled. To enable core dumping, try "ulimit -c unlimited" before starting Java again
#
# If you would like to submit a bug report, please visit:
#   http://bugreport.java.com/bugreport/crash.jsp
# The crash happened outside the Java Virtual Machine in native code.
# See problematic frame for where to report the bug.
#

---------------  T H R E A D  ---------------

Current thread (0x00007fbc8c918000):  JavaThread "Java2D Queue Flusher" daemon [_thread_in_native, id=79623, stack(0x0000700005f38000,0x0000700006038000)]

siginfo: si_signo: 11 (SIGSEGV), si_code: 1 (SEGV_MAPERR), si_addr: 0x0000000000000002

Registers:
RAX=0x00000000ffffffff, RBX=0x0000000000000002, RCX=0x0000000000000047, RDX=0x000000010df80258
RSP=0x00007000060377a0, RBP=0x00007000060377c0, RSI=0x00007fbc8bc5d710, RDI=0x00007fbc8c9181f8
R8 =0x00000000000001c6, R9 =0xffffffff00000000, R10=0x00000001105595f8, R11=0x0000000000000246
R12=0x0000000000000000, R13=0x00000001107df150, R14=0x00007fbc8c9181f8, R15=0x00007fbc8c918000
RIP=0x000000010df5f45f, EFLAGS=0x0000000000010202, ERR=0x0000000000000004
  TRAPNO=0x000000000000000e

Top of Stack: (sp=0x00007000060377a0)
0x00007000060377a0:   00007fbc8bc5d710 0000000000000000
0x00007000060377b0:   00007fbc8d948210 00007fbc8c918000
0x00007000060377c0:   0000700006037840 000000010df7fd36
0x00007000060377d0:   0000000000000000 0000000000000000
0x00007000060377e0:   4496000044960000 0000000000000000
0x00007000060377f0:   0000700006037810 0000000000000064
0x0000700006037800:   00007fbc8d01fc08 00007fbc8d948220
0x0000700006037810:   00007fbc00918000 00007fbc8c9181f8
0x0000700006037820:   0000000162029e70 0000000000000000
0x0000700006037830:   0000700006037a28 00007fbc8c918000
0x0000700006037840:   0000700006037890 000000011055966a
0x0000700006037850:   000000074045ec18 000000010c36a1e8
0x0000700006037860:   0000000000000005 00007fbc8c918000
0x0000700006037870:   000000074045ec01 00007fbc8bd897f0
0x0000700006037880:   0000700006037800 00007fbc8c918000
0x0000700006037890:   0000700006037a90 000000011061277c
0x00007000060378a0:   0000700006037a28 00007fbc8c918000
0x00007000060378b0:   0000700006037900 000000011030a1a8
0x00007000060378c0:   000000074045ecf0 00007000060378f0
0x00007000060378d0:   00000001234008c8 00000001644282f8
0x00007000060378e0:   00007fbc8bf50430 00000001103fe198
0x00007000060378f0:   000000074045ec18 0000000000000246
0x0000700006037900:   0000700006037a90 00000001107dfeec
0x0000700006037910:   0000000000000041 0000000123990b20
0x0000700006037920:   0000000110020b58 00000001100055d0
0x0000700006037930:   0000000100000000 0000700006037a00
0x0000700006037940:   00007000060379b0 0000000000000000
0x0000700006037950:   0000000000000000 0000000000000000
0x0000700006037960:   0000000000000000 0000700000000000
0x0000700006037970:   00000000000000dc 0000000000000000
0x0000700006037980:   0000700006037a28 00007fbc8c918000
0x0000700006037990:   0000700006037a00 0000000110020b8c 

Instructions: (pc=0x000000010df5f45f)
0x000000010df5f43f:   c0 e9 82 00 00 00 48 8b 5e 10 48 85 db 75 0e bf
0x000000010df5f44f:   01 00 00 00 48 8d 15 67 7b 03 00 eb d6 49 89 fe
0x000000010df5f45f:   4c 8b 3b 30 c0 e8 21 a6 02 00 49 8b 3f 49 89 c4
0x000000010df5f46f:   48 8b 35 aa 02 06 00 30 c0 e8 4b a7 02 00 48 85 

Register to memory mapping:

RAX=0x00000000ffffffff is an unknown value
RBX=0x0000000000000002 is an unknown value
RCX=0x0000000000000047 is an unknown value
RDX=0x000000010df80258: Java_sun_java2d_opengl_OGLRenderQueue_flushBuffer+0xb5c in /Library/Internet Plug-Ins/JavaAppletPlugin.plugin/Contents/Home/lib/libawt_lwawt.dylib at 0x000000010df43000
RSP=0x00007000060377a0 is pointing into the stack for thread: 0x00007fbc8c918000
RBP=0x00007000060377c0 is pointing into the stack for thread: 0x00007fbc8c918000
RSI=0x00007fbc8bc5d710 is an unknown value
RDI=0x00007fbc8c9181f8 is an unknown value
R8 =0x00000000000001c6 is an unknown value
R9 =0xffffffff00000000 is an unknown value
R10=0x00000001105595f8 is at entry_point+56 in (nmethod*)0x0000000110559450
R11=0x0000000000000246 is an unknown value
R12=0x0000000000000000 is an unknown value
R13=0x00000001107df150 is at entry_point+-944 in (nmethod*)0x00000001107df150
R14=0x00007fbc8c9181f8 is an unknown value
R15=0x00007fbc8c918000 is a thread


Stack: [0x0000700005f38000,0x0000700006038000],  sp=0x00007000060377a0,  free space=1021k
Native frames: (J=compiled Java code, j=interpreted, Vv=VM code, C=native code)
C  [libawt_lwawt.dylib+0x1c45f]  OGLSD_SetScratchSurface+0x49
C  [libawt_lwawt.dylib+0x3cd36]  Java_sun_java2d_opengl_OGLRenderQueue_flushBuffer+0x63a
J 1681  sun.java2d.opengl.OGLRenderQueue.flushBuffer(JI)V (0 bytes) @ 0x000000011055966a [0x00000001105595c0+0xaa]
J 1923 C1 sun.java2d.opengl.OGLRenderQueue.flushBuffer()V (41 bytes) @ 0x000000011061277c [0x0000000110612520+0x25c]
J 2374% C1 sun.java2d.opengl.OGLRenderQueue$QueueFlusher.run()V (234 bytes) @ 0x00000001107dfeec [0x00000001107df500+0x9ec]
v  ~StubRoutines::call_stub
V  [libjvm.dylib+0x2ee70a]  JavaCalls::call_helper(JavaValue*, methodHandle*, JavaCallArguments*, Thread*)+0x6ae
V  [libjvm.dylib+0x2eeeae]  JavaCalls::call_virtual(JavaValue*, KlassHandle, Symbol*, Symbol*, JavaCallArguments*, Thread*)+0x164
V  [libjvm.dylib+0x2ef05a]  JavaCalls::call_virtual(JavaValue*, Handle, KlassHandle, Symbol*, Symbol*, Thread*)+0x4a
V  [libjvm.dylib+0x3497b1]  thread_entry(JavaThread*, Thread*)+0x7c
V  [libjvm.dylib+0x56c0b3]  JavaThread::thread_main_inner()+0x9b
V  [libjvm.dylib+0x56d7a0]  JavaThread::run()+0x1c2
V  [libjvm.dylib+0x48baee]  java_start(Thread*)+0xf6
C  [libsystem_pthread.dylib+0x6950]  _pthread_start+0xe0
C  [libsystem_pthread.dylib+0x247b]  thread_start+0xf
C  0x0000000000000000

Java frames: (J=compiled Java code, j=interpreted, Vv=VM code)
J 1681  sun.java2d.opengl.OGLRenderQueue.flushBuffer(JI)V (0 bytes) @ 0x00000001105595f8 [0x00000001105595c0+0x38]
J 1923 C1 sun.java2d.opengl.OGLRenderQueue.flushBuffer()V (41 bytes) @ 0x000000011061277c [0x0000000110612520+0x25c]
J 2374% C1 sun.java2d.opengl.OGLRenderQueue$QueueFlusher.run()V (234 bytes) @ 0x00000001107dfeec [0x00000001107df500+0x9ec]
v  ~StubRoutines::call_stub

---------------  P R O C E S S  ---------------

Java Threads: ( => current thread )
  0x00007fbc8c4c7800 JavaThread "DestroyJavaVM" [_thread_blocked, id=3587, stack(0x0000700004c76000,0x0000700004d76000)]
  0x00007fbc8c964000 JavaThread "AWT-EventQueue-0" [_thread_blocked, id=73747, stack(0x0000700006241000,0x0000700006341000)]
  0x00007fbc8c974000 JavaThread "TimerQueue" daemon [_thread_blocked, id=53067, stack(0x000070000613e000,0x000070000623e000)]
  0x00007fbc8c204000 JavaThread "Java2D Disposer" daemon [_thread_blocked, id=48903, stack(0x000070000603b000,0x000070000613b000)]
=>0x00007fbc8c918000 JavaThread "Java2D Queue Flusher" daemon [_thread_in_native, id=79623, stack(0x0000700005f38000,0x0000700006038000)]
  0x00007fbc8c1b9000 JavaThread "AWT-Shutdown" [_thread_blocked, id=25883, stack(0x0000700005c29000,0x0000700005d29000)]
  0x00007fbc8c0a9800 JavaThread "AWT-AppKit" daemon [_thread_blocked, id=775, stack(0x00007ffee3415000,0x00007ffee3c15000)]
  0x00007fbc8d027800 JavaThread "Service Thread" daemon [_thread_blocked, id=17411, stack(0x00007000059a0000,0x0000700005aa0000)]
  0x00007fbc8d81a000 JavaThread "C1 CompilerThread2" daemon [_thread_blocked, id=14339, stack(0x000070000589d000,0x000070000599d000)]
  0x00007fbc8d818800 JavaThread "C2 CompilerThread1" daemon [_thread_blocked, id=14083, stack(0x000070000579a000,0x000070000589a000)]
  0x00007fbc8d808800 JavaThread "C2 CompilerThread0" daemon [_thread_blocked, id=18179, stack(0x0000700005697000,0x0000700005797000)]
  0x00007fbc8c00f000 JavaThread "Signal Dispatcher" daemon [_thread_blocked, id=18435, stack(0x0000700005594000,0x0000700005694000)]
  0x00007fbc8c84e800 JavaThread "Finalizer" daemon [_thread_blocked, id=11267, stack(0x000070000538b000,0x000070000548b000)]
  0x00007fbc8c84b800 JavaThread "Reference Handler" daemon [_thread_blocked, id=20739, stack(0x0000700005288000,0x0000700005388000)]

Other Threads:
  0x00007fbc8c847000 VMThread [stack: 0x0000700005185000,0x0000700005285000] [id=21251]
  0x00007fbc8d809000 WatcherThread [stack: 0x0000700005aa3000,0x0000700005ba3000] [id=17155]

VM state:not at safepoint (normal execution)

VM Mutex/Monitor currently owned by a thread: None

Heap:
 PSYoungGen      total 51712K, used 701K [0x0000000795580000, 0x000000079a600000, 0x00000007c0000000)
  eden space 29696K, 2% used [0x0000000795580000,0x000000079562f5a8,0x0000000797280000)
  from space 22016K, 0% used [0x0000000798b00000,0x0000000798b00000,0x000000079a080000)
  to   space 25088K, 0% used [0x0000000797280000,0x0000000797280000,0x0000000798b00000)
 ParOldGen       total 56832K, used 6308K [0x0000000740000000, 0x0000000743780000, 0x0000000795580000)
  object space 56832K, 11% used [0x0000000740000000,0x0000000740629228,0x0000000743780000)
 Metaspace       used 20842K, capacity 21195K, committed 21504K, reserved 1069056K
  class space    used 2189K, capacity 2265K, committed 2304K, reserved 1048576K

Card table byte_map: [0x000000010d89e000,0x000000010dc9f000] byte_map_base: 0x0000000109e9e000

Marking Bits: (ParMarkBitMap*) 0x000000010c90d5d0
 Begin Bits: [0x000000011f000000, 0x0000000121000000)
 End Bits:   [0x0000000121000000, 0x0000000123000000)

Polling page: 0x000000010d004000

CodeCache: size=245760Kb used=8091Kb max_used=8091Kb free=237668Kb
 bounds [0x0000000110000000, 0x00000001107f0000, 0x000000011f000000]
 total_blobs=3266 nmethods=2364 adapters=815
 compilation: enabled

Compilation events (10 events):
Event: 2902.051 Thread 0x00007fbc8d81a000 2370       3       java.awt.Component::size (16 bytes)
Event: 2902.051 Thread 0x00007fbc8d81a000 nmethod 2370 0x00000001107dc8d0 code [0x00000001107dca40, 0x00000001107dcd10]
Event: 2902.051 Thread 0x00007fbc8d81a000 2373       3       sun.java2d.pipe.BufferedContext::setComposite (124 bytes)
Event: 2902.052 Thread 0x00007fbc8d81a000 nmethod 2373 0x00000001107dce50 code [0x00000001107dd0a0, 0x00000001107de568]
Event: 2902.052 Thread 0x00007fbc8d81a000 2371       3       sun.java2d.SunGraphics2D::getFontInfo (34 bytes)
Event: 2902.052 Thread 0x00007fbc8d81a000 nmethod 2371 0x00000001107dec90 code [0x00000001107dee00, 0x00000001107df0a8]
Event: 6151.236 Thread 0x00007fbc8d81a000 2374 %s!   3       sun.java2d.opengl.OGLRenderQueue$QueueFlusher::run @ 2 (234 bytes)
Event: 6151.343 Thread 0x00007fbc8d81a000 nmethod 2374% 0x00000001107df150 code [0x00000001107df500, 0x00000001107e1df8]
Event: 6256.630 Thread 0x00007fbc8d81a000 2375  s!   3       sun.java2d.opengl.OGLRenderQueue$QueueFlusher::run (234 bytes)
Event: 6256.633 Thread 0x00007fbc8d81a000 nmethod 2375 0x00000001107e33d0 code [0x00000001107e3780, 0x00000001107e5f38]

GC Heap History (10 events):
Event: 12.294 GC heap before
{Heap before GC invocations=3 (full 0):
 PSYoungGen      total 38400K, used 38389K [0x0000000795580000, 0x0000000798000000, 0x00000007c0000000)
  eden space 33280K, 100% used [0x0000000795580000,0x0000000797600000,0x0000000797600000)
  from space 5120K, 99% used [0x0000000797b00000,0x0000000797ffd7a8,0x0000000798000000)
  to   space 5120K, 0% used [0x0000000797600000,0x0000000797600000,0x0000000797b00000)
 ParOldGen       total 87552K, used 13199K [0x0000000740000000, 0x0000000745580000, 0x0000000795580000)
  object space 87552K, 15% used [0x0000000740000000,0x0000000740ce3f30,0x0000000745580000)
 Metaspace       used 20531K, capacity 20829K, committed 20992K, reserved 1069056K
  class space    used 2181K, capacity 2272K, committed 2304K, reserved 1048576K
Event: 12.306 GC heap after
Heap after GC invocations=3 (full 0):
 PSYoungGen      total 38400K, used 5111K [0x0000000795580000, 0x0000000798000000, 0x00000007c0000000)
  eden space 33280K, 0% used [0x0000000795580000,0x0000000795580000,0x0000000797600000)
  from space 5120K, 99% used [0x0000000797600000,0x0000000797afddc8,0x0000000797b00000)
  to   space 5120K, 0% used [0x0000000797b00000,0x0000000797b00000,0x0000000798000000)
 ParOldGen       total 87552K, used 25868K [0x0000000740000000, 0x0000000745580000, 0x0000000795580000)
  object space 87552K, 29% used [0x0000000740000000,0x0000000741943180,0x0000000745580000)
 Metaspace       used 20531K, capacity 20829K, committed 20992K, reserved 1069056K
  class space    used 2181K, capacity 2272K, committed 2304K, reserved 1048576K
}
Event: 17.523 GC heap before
{Heap before GC invocations=4 (full 0):
 PSYoungGen      total 38400K, used 38391K [0x0000000795580000, 0x0000000798000000, 0x00000007c0000000)
  eden space 33280K, 100% used [0x0000000795580000,0x0000000797600000,0x0000000797600000)
  from space 5120K, 99% used [0x0000000797600000,0x0000000797afddc8,0x0000000797b00000)
  to   space 5120K, 0% used [0x0000000797b00000,0x0000000797b00000,0x0000000798000000)
 ParOldGen       total 87552K, used 25868K [0x0000000740000000, 0x0000000745580000, 0x0000000795580000)
  object space 87552K, 29% used [0x0000000740000000,0x0000000741943180,0x0000000745580000)
 Metaspace       used 20615K, capacity 20957K, committed 21248K, reserved 1069056K
  class space    used 2181K, capacity 2272K, committed 2304K, reserved 1048576K
Event: 17.532 GC heap after
Heap after GC invocations=4 (full 0):
 PSYoungGen      total 38400K, used 5111K [0x0000000795580000, 0x0000000798000000, 0x00000007c0000000)
  eden space 33280K, 0% used [0x0000000795580000,0x0000000795580000,0x0000000797600000)
  from space 5120K, 99% used [0x0000000797b00000,0x0000000797ffddc8,0x0000000798000000)
  to   space 5120K, 0% used [0x0000000797600000,0x0000000797600000,0x0000000797b00000)
 ParOldGen       total 87552K, used 25948K [0x0000000740000000, 0x0000000745580000, 0x0000000795580000)
  object space 87552K, 29% used [0x0000000740000000,0x0000000741957180,0x0000000745580000)
 Metaspace       used 20615K, capacity 20957K, committed 21248K, reserved 1069056K
  class space    used 2181K, capacity 2272K, committed 2304K, reserved 1048576K
}
Event: 2901.527 GC heap before
{Heap before GC invocations=5 (full 0):
 PSYoungGen      total 38400K, used 36438K [0x0000000795580000, 0x0000000798000000, 0x00000007c0000000)
  eden space 33280K, 94% used [0x0000000795580000,0x0000000797417a38,0x0000000797600000)
  from space 5120K, 99% used [0x0000000797b00000,0x0000000797ffddc8,0x0000000798000000)
  to   space 5120K, 0% used [0x0000000797600000,0x0000000797600000,0x0000000797b00000)
 ParOldGen       total 87552K, used 25948K [0x0000000740000000, 0x0000000745580000, 0x0000000795580000)
  object space 87552K, 29% used [0x0000000740000000,0x0000000741957180,0x0000000745580000)
 Metaspace       used 20774K, capacity 21085K, committed 21248K, reserved 1069056K
  class space    used 2187K, capacity 2272K, committed 2304K, reserved 1048576K
Event: 2901.616 GC heap after
Heap after GC invocations=5 (full 0):
 PSYoungGen      total 37888K, used 4919K [0x0000000795580000, 0x000000079a080000, 0x00000007c0000000)
  eden space 32768K, 0% used [0x0000000795580000,0x0000000795580000,0x0000000797580000)
  from space 5120K, 96% used [0x0000000797600000,0x0000000797acdf00,0x0000000797b00000)
  to   space 22016K, 0% used [0x0000000798b00000,0x0000000798b00000,0x000000079a080000)
 ParOldGen       total 87552K, used 36115K [0x0000000740000000, 0x0000000745580000, 0x0000000795580000)
  object space 87552K, 41% used [0x0000000740000000,0x0000000742344de0,0x0000000745580000)
 Metaspace       used 20774K, capacity 21085K, committed 21248K, reserved 1069056K
  class space    used 2187K, capacity 2272K, committed 2304K, reserved 1048576K
}
Event: 7574.995 GC heap before
{Heap before GC invocations=6 (full 0):
 PSYoungGen      total 37888K, used 11030K [0x0000000795580000, 0x000000079a080000, 0x00000007c0000000)
  eden space 32768K, 18% used [0x0000000795580000,0x0000000795b779c0,0x0000000797580000)
  from space 5120K, 96% used [0x0000000797600000,0x0000000797acdf00,0x0000000797b00000)
  to   space 22016K, 0% used [0x0000000798b00000,0x0000000798b00000,0x000000079a080000)
 ParOldGen       total 87552K, used 36115K [0x0000000740000000, 0x0000000745580000, 0x0000000795580000)
  object space 87552K, 41% used [0x0000000740000000,0x0000000742344de0,0x0000000745580000)
 Metaspace       used 20811K, capacity 21085K, committed 21248K, reserved 1069056K
  class space    used 2188K, capacity 2272K, committed 2304K, reserved 1048576K
Event: 7575.037 GC heap after
Heap after GC invocations=6 (full 0):
 PSYoungGen      total 51712K, used 19166K [0x0000000795580000, 0x000000079a600000, 0x00000007c0000000)
  eden space 29696K, 0% used [0x0000000795580000,0x0000000795580000,0x0000000797280000)
  from space 22016K, 87% used [0x0000000798b00000,0x0000000799db7b40,0x000000079a080000)
  to   space 25088K, 0% used [0x0000000797280000,0x0000000797280000,0x0000000798b00000)
 ParOldGen       total 87552K, used 36123K [0x0000000740000000, 0x0000000745580000, 0x0000000795580000)
  object space 87552K, 41% used [0x0000000740000000,0x0000000742346de0,0x0000000745580000)
 Metaspace       used 20811K, capacity 21085K, committed 21248K, reserved 1069056K
  class space    used 2188K, capacity 2272K, committed 2304K, reserved 1048576K
}
Event: 7575.037 GC heap before
{Heap before GC invocations=7 (full 1):
 PSYoungGen      total 51712K, used 19166K [0x0000000795580000, 0x000000079a600000, 0x00000007c0000000)
  eden space 29696K, 0% used [0x0000000795580000,0x0000000795580000,0x0000000797280000)
  from space 22016K, 87% used [0x0000000798b00000,0x0000000799db7b40,0x000000079a080000)
  to   space 25088K, 0% used [0x0000000797280000,0x0000000797280000,0x0000000798b00000)
 ParOldGen       total 87552K, used 36123K [0x0000000740000000, 0x0000000745580000, 0x0000000795580000)
  object space 87552K, 41% used [0x0000000740000000,0x0000000742346de0,0x0000000745580000)
 Metaspace       used 20811K, capacity 21085K, committed 21248K, reserved 1069056K
  class space    used 2188K, capacity 2272K, committed 2304K, reserved 1048576K
Event: 7575.223 GC heap after
Heap after GC invocations=7 (full 1):
 PSYoungGen      total 51712K, used 0K [0x0000000795580000, 0x000000079a600000, 0x00000007c0000000)
  eden space 29696K, 0% used [0x0000000795580000,0x0000000795580000,0x0000000797280000)
  from space 22016K, 0% used [0x0000000798b00000,0x0000000798b00000,0x000000079a080000)
  to   space 25088K, 0% used [0x0000000797280000,0x0000000797280000,0x0000000798b00000)
 ParOldGen       total 56832K, used 6308K [0x0000000740000000, 0x0000000743780000, 0x0000000795580000)
  object space 56832K, 11% used [0x0000000740000000,0x0000000740629228,0x0000000743780000)
 Metaspace       used 20799K, capacity 21067K, committed 21248K, reserved 1069056K
  class space    used 2184K, capacity 2265K, committed 2304K, reserved 1048576K
}

Deoptimization events (10 events):
Event: 4.354 Thread 0x00007fbc8c964000 Uncommon trap: reason=class_check action=maybe_recompile pc=0x000000011019fd58 method=java.lang.String.equals(Ljava/lang/Object;)Z @ 8
Event: 4.358 Thread 0x00007fbc8c964000 Uncommon trap: reason=class_check action=maybe_recompile pc=0x000000011019fd58 method=java.lang.String.equals(Ljava/lang/Object;)Z @ 8
Event: 4.358 Thread 0x00007fbc8c964000 Uncommon trap: reason=class_check action=maybe_recompile pc=0x000000011019fd58 method=java.lang.String.equals(Ljava/lang/Object;)Z @ 8
Event: 8.907 Thread 0x00007fbc8c964000 Uncommon trap: reason=unstable_if action=reinterpret pc=0x000000011019f440 method=java.lang.String.replace(CC)Ljava/lang/String; @ 26
Event: 9.899 Thread 0x00007fbc8c964000 Uncommon trap: reason=unstable_if action=reinterpret pc=0x000000011047f1a8 method=java.awt.Container.findComponentAtImpl(IIZ)Ljava/awt/Component; @ 6
Event: 11.614 Thread 0x00007fbc8c964000 Uncommon trap: reason=unstable_if action=reinterpret pc=0x00000001104cbe50 method=finalproject.Cell.display(Lcom/jogamp/opengl/GLAutoDrawable;)V @ 255
Event: 11.614 Thread 0x00007fbc8c964000 Uncommon trap: reason=unstable_if action=reinterpret pc=0x000000011057da58 method=finalproject.FluidGrid.display(Lcom/jogamp/opengl/GLAutoDrawable;)V @ 84
Event: 11.805 Thread 0x00007fbc8c964000 Uncommon trap: reason=unstable_if action=reinterpret pc=0x000000011057d41c method=finalproject.FluidGrid.display(Lcom/jogamp/opengl/GLAutoDrawable;)V @ 84
Event: 19.065 Thread 0x00007fbc8c964000 Uncommon trap: reason=unstable_if action=reinterpret pc=0x000000011071e7a0 method=java.lang.Math.max(FF)F @ 37
Event: 19.964 Thread 0x00007fbc8c964000 Uncommon trap: reason=range_check action=make_not_entrant pc=0x000000011072c40c method=finalproject.FluidGrid.addParticle(Lfinalproject/FluidParticle;)V @ 38

Internal exceptions (10 events):
Event: 2.546 Thread 0x00007fbc8d009800 Exception <a 'java/lang/UnsatisfiedLinkError': com.jogamp.common.util.JarUtil.fixNativeLibAttribs(Ljava/lang/String;)Z> (0x000000079682daa8) thrown at [/Users/java_re/workspace/8-2-build-macosx-x86_64/jdk8u141/9370/hotspot/src/share/vm/prims/nativeLookup.
Event: 2.561 Thread 0x00007fbc8d009800 Exception <a 'java/lang/UnsatisfiedLinkError': com.jogamp.common.util.JarUtil.fixNativeLibAttribs(Ljava/lang/String;)Z> (0x0000000796836588) thrown at [/Users/java_re/workspace/8-2-build-macosx-x86_64/jdk8u141/9370/hotspot/src/share/vm/prims/nativeLookup.
Event: 2.567 Thread 0x00007fbc8d009800 Exception <a 'java/lang/UnsatisfiedLinkError': com.jogamp.common.util.JarUtil.fixNativeLibAttribs(Ljava/lang/String;)Z> (0x000000079683f0f8) thrown at [/Users/java_re/workspace/8-2-build-macosx-x86_64/jdk8u141/9370/hotspot/src/share/vm/prims/nativeLookup.
Event: 2.570 Thread 0x00007fbc8d009800 Exception <a 'java/lang/UnsatisfiedLinkError': com.jogamp.common.util.JarUtil.fixNativeLibAttribs(Ljava/lang/String;)Z> (0x0000000796847c58) thrown at [/Users/java_re/workspace/8-2-build-macosx-x86_64/jdk8u141/9370/hotspot/src/share/vm/prims/nativeLookup.
Event: 2.572 Thread 0x00007fbc8d009800 Exception <a 'java/lang/UnsatisfiedLinkError': com.jogamp.common.util.JarUtil.fixNativeLibAttribs(Ljava/lang/String;)Z> (0x0000000796850798) thrown at [/Users/java_re/workspace/8-2-build-macosx-x86_64/jdk8u141/9370/hotspot/src/share/vm/prims/nativeLookup.
Event: 2.572 Thread 0x00007fbc8d009800 Exception <a 'java/lang/UnsatisfiedLinkError': com.jogamp.common.util.JarUtil.fixNativeLibAttribs(Ljava/lang/String;)Z> (0x000000079685aca8) thrown at [/Users/java_re/workspace/8-2-build-macosx-x86_64/jdk8u141/9370/hotspot/src/share/vm/prims/nativeLookup.
Event: 2.582 Thread 0x00007fbc8d009800 Exception <a 'java/lang/UnsatisfiedLinkError': com.jogamp.common.util.JarUtil.fixNativeLibAttribs(Ljava/lang/String;)Z> (0x00000007968637c0) thrown at [/Users/java_re/workspace/8-2-build-macosx-x86_64/jdk8u141/9370/hotspot/src/share/vm/prims/nativeLookup.
Event: 3.817 Thread 0x00007fbc8c84e800 Exception <a 'java/lang/NullPointerException'> (0x00000007956b4260) thrown at [/Users/java_re/workspace/8-2-build-macosx-x86_64/jdk8u141/9370/hotspot/src/share/vm/interpreter/linkResolver.cpp, line 1197]
Event: 7.114 Thread 0x00007fbc8c84e800 Exception <a 'java/lang/NullPointerException'> (0x00000007957828b8) thrown at [/Users/java_re/workspace/8-2-build-macosx-x86_64/jdk8u141/9370/hotspot/src/share/vm/interpreter/linkResolver.cpp, line 1197]
Event: 19.964 Thread 0x00007fbc8c964000 Exception <a 'java/lang/ArrayIndexOutOfBoundsException': 2599> (0x0000000796529cf8) thrown at [/Users/java_re/workspace/8-2-build-macosx-x86_64/jdk8u141/9370/hotspot/src/share/vm/interpreter/interpreterRuntime.cpp, line 366]

Events (10 events):
Event: 7574.928 loading class com/apple/eawt/QuitResponse done
Event: 7574.937 Thread 0x00007fbc8c8dd000 Thread added: 0x00007fbc8c8dd000
Event: 7574.938 Thread 0x00007fbc8d87d000 Thread added: 0x00007fbc8d87d000
Event: 7574.955 loading class jogamp/opengl/egl/EGLGraphicsConfigurationFactory
Event: 7574.955 loading class jogamp/opengl/egl/EGLGraphicsConfigurationFactory done
Event: 7574.964 loading class java/nio/channels/ClosedChannelException
Event: 7574.982 Executing VM operation: CollectForMetadataAllocation
Event: 7575.223 Executing VM operation: CollectForMetadataAllocation done
Event: 7575.223 loading class java/nio/channels/ClosedChannelException done
Event: 7575.223 Thread 0x00007fbc8d87d000 Thread exited: 0x00007fbc8d87d000


Dynamic libraries:
0x0000000000109000 	/System/Library/Frameworks/Cocoa.framework/Versions/A/Cocoa
0x0000000000109000 	/System/Library/Frameworks/Security.framework/Versions/A/Security
0x0000000000109000 	/System/Library/Frameworks/ApplicationServices.framework/Versions/A/ApplicationServices
0x0000000000109000 	/usr/lib/libz.1.dylib
0x0000000000109000 	/usr/lib/libSystem.B.dylib
0x0000000000109000 	/usr/lib/libobjc.A.dylib
0x0000000000109000 	/System/Library/Frameworks/CoreFoundation.framework/Versions/A/CoreFoundation
0x0000000000109000 	/System/Library/Frameworks/Foundation.framework/Versions/C/Foundation
0x0000000000109000 	/System/Library/Frameworks/AppKit.framework/Versions/C/AppKit
0x0000000000109000 	/System/Library/Frameworks/CoreData.framework/Versions/A/CoreData
0x0000000000109000 	/System/Library/PrivateFrameworks/UIFoundation.framework/Versions/A/UIFoundation
0x0000000000109000 	/System/Library/PrivateFrameworks/RemoteViewServices.framework/Versions/A/RemoteViewServices
0x0000000000109000 	/System/Library/PrivateFrameworks/XCTTargetBootstrap.framework/Versions/A/XCTTargetBootstrap
0x0000000000109000 	/usr/lib/libspindump.dylib
0x0000000000109000 	/System/Library/Frameworks/UniformTypeIdentifiers.framework/Versions/A/UniformTypeIdentifiers
0x0000000000109000 	/usr/lib/libapp_launch_measurement.dylib
0x0000000000109000 	/System/Library/PrivateFrameworks/CoreAutoLayout.framework/Versions/A/CoreAutoLayout
0x0000000000109000 	/System/Library/Frameworks/Metal.framework/Versions/A/Metal
0x0000000000109000 	/usr/lib/liblangid.dylib
0x0000000000109000 	/System/Library/PrivateFrameworks/CoreSVG.framework/Versions/A/CoreSVG
0x0000000000109000 	/System/Library/PrivateFrameworks/SkyLight.framework/Versions/A/SkyLight
0x0000000000109000 	/System/Library/Frameworks/CoreGraphics.framework/Versions/A/CoreGraphics
0x0000000000109000 	/System/Library/Frameworks/Accelerate.framework/Versions/A/Accelerate
0x0000000000109000 	/System/Library/PrivateFrameworks/IconServices.framework/Versions/A/IconServices
0x0000000000109000 	/System/Library/Frameworks/IOSurface.framework/Versions/A/IOSurface
0x0000000000109000 	/usr/lib/libDiagnosticMessagesClient.dylib
0x0000000000109000 	/System/Library/PrivateFrameworks/DFRFoundation.framework/Versions/A/DFRFoundation
0x0000000000109000 	/usr/lib/libicucore.A.dylib
0x0000000000109000 	/System/Library/Frameworks/AudioToolbox.framework/Versions/A/AudioToolbox
0x0000000000109000 	/System/Library/PrivateFrameworks/DataDetectorsCore.framework/Versions/A/DataDetectorsCore
0x0000000000109000 	/System/Library/Frameworks/Carbon.framework/Versions/A/Frameworks/HIToolbox.framework/Versions/A/HIToolbox
0x0000000000109000 	/System/Library/Frameworks/QuartzCore.framework/Versions/A/QuartzCore
0x0000000000109000 	/System/Library/Frameworks/Carbon.framework/Versions/A/Frameworks/SpeechRecognition.framework/Versions/A/SpeechRecognition
0x0000000000109000 	/System/Library/PrivateFrameworks/CoreUI.framework/Versions/A/CoreUI
0x0000000000109000 	/System/Library/Frameworks/CoreAudio.framework/Versions/A/CoreAudio
0x0000000000109000 	/System/Library/Frameworks/DiskArbitration.framework/Versions/A/DiskArbitration
0x0000000000109000 	/System/Library/PrivateFrameworks/MultitouchSupport.framework/Versions/A/MultitouchSupport
0x0000000000109000 	/System/Library/PrivateFrameworks/InternationalSupport.framework/Versions/A/InternationalSupport
0x0000000000109000 	/usr/lib/libenergytrace.dylib
0x0000000000109000 	/System/Library/Frameworks/IOKit.framework/Versions/A/IOKit
0x0000000000109000 	/System/Library/Frameworks/CoreServices.framework/Versions/A/CoreServices
0x0000000000109000 	/System/Library/PrivateFrameworks/PerformanceAnalysis.framework/Versions/A/PerformanceAnalysis
0x0000000000109000 	/System/Library/Frameworks/OpenGL.framework/Versions/A/OpenGL
0x0000000000109000 	/System/Library/PrivateFrameworks/UserActivity.framework/Versions/A/UserActivity
0x0000000000109000 	/System/Library/Frameworks/ColorSync.framework/Versions/A/ColorSync
0x0000000000109000 	/System/Library/Frameworks/CoreImage.framework/Versions/A/CoreImage
0x0000000000109000 	/System/Library/Frameworks/CoreText.framework/Versions/A/CoreText
0x0000000000109000 	/System/Library/Frameworks/ImageIO.framework/Versions/A/ImageIO
0x0000000000109000 	/System/Library/PrivateFrameworks/SoftLinking.framework/Versions/A/SoftLinking
0x0000000000109000 	/usr/lib/libxml2.2.dylib
0x0000000000109000 	/usr/lib/libc++.1.dylib
0x0000000000109000 	/usr/lib/libcompression.dylib
0x0000000000109000 	/usr/lib/libMobileGestalt.dylib
0x0000000000109000 	/System/Library/PrivateFrameworks/TextureIO.framework/Versions/A/TextureIO
0x0000000000109000 	/usr/lib/libate.dylib
0x0000000000109000 	/usr/lib/system/libcache.dylib
0x0000000000109000 	/usr/lib/system/libcommonCrypto.dylib
0x0000000000109000 	/usr/lib/system/libcompiler_rt.dylib
0x0000000000109000 	/usr/lib/system/libcopyfile.dylib
0x0000000000109000 	/usr/lib/system/libcorecrypto.dylib
0x0000000000109000 	/usr/lib/system/libdispatch.dylib
0x0000000000109000 	/usr/lib/system/libdyld.dylib
0x0000000000109000 	/usr/lib/system/libkeymgr.dylib
0x0000000000109000 	/usr/lib/system/liblaunch.dylib
0x0000000000109000 	/usr/lib/system/libmacho.dylib
0x0000000000109000 	/usr/lib/system/libquarantine.dylib
0x0000000000109000 	/usr/lib/system/libremovefile.dylib
0x0000000000109000 	/usr/lib/system/libsystem_asl.dylib
0x0000000000109000 	/usr/lib/system/libsystem_blocks.dylib
0x0000000000109000 	/usr/lib/system/libsystem_c.dylib
0x0000000000109000 	/usr/lib/system/libsystem_collections.dylib
0x0000000000109000 	/usr/lib/system/libsystem_configuration.dylib
0x0000000000109000 	/usr/lib/system/libsystem_containermanager.dylib
0x0000000000109000 	/usr/lib/system/libsystem_coreservices.dylib
0x0000000000109000 	/usr/lib/system/libsystem_darwin.dylib
0x0000000000109000 	/usr/lib/system/libsystem_dnssd.dylib
0x0000000000109000 	/usr/lib/system/libsystem_featureflags.dylib
0x0000000000109000 	/usr/lib/system/libsystem_info.dylib
0x0000000000109000 	/usr/lib/system/libsystem_m.dylib
0x0000000000109000 	/usr/lib/system/libsystem_malloc.dylib
0x0000000000109000 	/usr/lib/system/libsystem_networkextension.dylib
0x0000000000109000 	/usr/lib/system/libsystem_notify.dylib
0x0000000000109000 	/usr/lib/system/libsystem_product_info_filter.dylib
0x0000000000109000 	/usr/lib/system/libsystem_sandbox.dylib
0x0000000000109000 	/usr/lib/system/libsystem_secinit.dylib
0x0000000000109000 	/usr/lib/system/libsystem_kernel.dylib
0x0000000000109000 	/usr/lib/system/libsystem_platform.dylib
0x0000000000109000 	/usr/lib/system/libsystem_pthread.dylib
0x0000000000109000 	/usr/lib/system/libsystem_symptoms.dylib
0x0000000000109000 	/usr/lib/system/libsystem_trace.dylib
0x0000000000109000 	/usr/lib/system/libunwind.dylib
0x0000000000109000 	/usr/lib/system/libxpc.dylib
0x0000000000109000 	/usr/lib/libc++abi.dylib
0x0000000000109000 	/usr/lib/liboah.dylib
0x0000000000109000 	/usr/lib/liblzma.5.dylib
0x0000000000109000 	/System/Library/Frameworks/SystemConfiguration.framework/Versions/A/SystemConfiguration
0x0000000000109000 	/usr/lib/libfakelink.dylib
0x0000000000109000 	/System/Library/Frameworks/CFNetwork.framework/Versions/A/CFNetwork
0x0000000000109000 	/usr/lib/libarchive.2.dylib
0x0000000000109000 	/usr/lib/libCRFSuite.dylib
0x0000000000109000 	/usr/lib/libbsm.0.dylib
0x0000000000109000 	/usr/lib/libnetwork.dylib
0x0000000000109000 	/usr/lib/libpcap.A.dylib
0x0000000000109000 	/usr/lib/libdns_services.dylib
0x0000000000109000 	/usr/lib/libcoretls_cfhelpers.dylib
0x0000000000109000 	/usr/lib/libapple_nghttp2.dylib
0x0000000000109000 	/usr/lib/system/libkxld.dylib
0x0000000000109000 	/usr/lib/libsqlite3.dylib
0x0000000000109000 	/System/Library/PrivateFrameworks/AppleFSCompression.framework/Versions/A/AppleFSCompression
0x0000000000109000 	/usr/lib/libcoretls.dylib
0x0000000000109000 	/usr/lib/libpam.2.dylib
0x0000000000109000 	/usr/lib/libxar.1.dylib
0x0000000000109000 	/System/Library/PrivateFrameworks/AppleSystemInfo.framework/Versions/A/AppleSystemInfo
0x0000000000109000 	/System/Library/PrivateFrameworks/IOMobileFramebuffer.framework/Versions/A/IOMobileFramebuffer
0x0000000000109000 	/usr/lib/libbz2.1.0.dylib
0x0000000000109000 	/usr/lib/libiconv.2.dylib
0x0000000000109000 	/usr/lib/libcharset.1.dylib
0x0000000000109000 	/System/Library/Frameworks/CoreServices.framework/Versions/A/Frameworks/FSEvents.framework/Versions/A/FSEvents
0x0000000000109000 	/System/Library/Frameworks/CoreServices.framework/Versions/A/Frameworks/CarbonCore.framework/Versions/A/CarbonCore
0x0000000000109000 	/System/Library/Frameworks/CoreServices.framework/Versions/A/Frameworks/Metadata.framework/Versions/A/Metadata
0x0000000000109000 	/System/Library/Frameworks/CoreServices.framework/Versions/A/Frameworks/OSServices.framework/Versions/A/OSServices
0x0000000000109000 	/System/Library/Frameworks/CoreServices.framework/Versions/A/Frameworks/SearchKit.framework/Versions/A/SearchKit
0x0000000000109000 	/System/Library/Frameworks/CoreServices.framework/Versions/A/Frameworks/AE.framework/Versions/A/AE
0x0000000000109000 	/System/Library/Frameworks/CoreServices.framework/Versions/A/Frameworks/LaunchServices.framework/Versions/A/LaunchServices
0x0000000000109000 	/System/Library/Frameworks/CoreServices.framework/Versions/A/Frameworks/DictionaryServices.framework/Versions/A/DictionaryServices
0x0000000000109000 	/System/Library/Frameworks/CoreServices.framework/Versions/A/Frameworks/SharedFileList.framework/Versions/A/SharedFileList
0x0000000000109000 	/usr/lib/libCheckFix.dylib
0x0000000000109000 	/System/Library/PrivateFrameworks/TCC.framework/Versions/A/TCC
0x0000000000109000 	/System/Library/PrivateFrameworks/CoreNLP.framework/Versions/A/CoreNLP
0x0000000000109000 	/System/Library/PrivateFrameworks/MetadataUtilities.framework/Versions/A/MetadataUtilities
0x0000000000109000 	/usr/lib/libmecabra.dylib
0x0000000000109000 	/System/Library/Frameworks/MLCompute.framework/Versions/A/MLCompute
0x0000000000109000 	/usr/lib/libmecab.dylib
0x0000000000109000 	/usr/lib/libgermantok.dylib
0x0000000000109000 	/usr/lib/libThaiTokenizer.dylib
0x0000000000109000 	/usr/lib/libChineseTokenizer.dylib
0x0000000000109000 	/System/Library/Frameworks/MetalPerformanceShaders.framework/Versions/A/MetalPerformanceShaders
0x0000000000109000 	/System/Library/Frameworks/Accelerate.framework/Versions/A/Frameworks/vImage.framework/Versions/A/vImage
0x0000000000109000 	/System/Library/Frameworks/Accelerate.framework/Versions/A/Frameworks/vecLib.framework/Versions/A/vecLib
0x0000000000109000 	/System/Library/Frameworks/Accelerate.framework/Versions/A/Frameworks/vecLib.framework/Versions/A/libvMisc.dylib
0x0000000000109000 	/System/Library/Frameworks/Accelerate.framework/Versions/A/Frameworks/vecLib.framework/Versions/A/libvDSP.dylib
0x0000000000109000 	/System/Library/Frameworks/Accelerate.framework/Versions/A/Frameworks/vecLib.framework/Versions/A/libBLAS.dylib
0x0000000000109000 	/System/Library/Frameworks/Accelerate.framework/Versions/A/Frameworks/vecLib.framework/Versions/A/libLAPACK.dylib
0x0000000000109000 	/System/Library/Frameworks/Accelerate.framework/Versions/A/Frameworks/vecLib.framework/Versions/A/libLinearAlgebra.dylib
0x0000000000109000 	/System/Library/Frameworks/Accelerate.framework/Versions/A/Frameworks/vecLib.framework/Versions/A/libSparseBLAS.dylib
0x0000000000109000 	/System/Library/Frameworks/Accelerate.framework/Versions/A/Frameworks/vecLib.framework/Versions/A/libQuadrature.dylib
0x0000000000109000 	/System/Library/Frameworks/Accelerate.framework/Versions/A/Frameworks/vecLib.framework/Versions/A/libBNNS.dylib
0x0000000000109000 	/System/Library/Frameworks/Accelerate.framework/Versions/A/Frameworks/vecLib.framework/Versions/A/libSparse.dylib
0x0000000000109000 	/System/Library/Frameworks/MetalPerformanceShaders.framework/Versions/A/Frameworks/MPSCore.framework/Versions/A/MPSCore
0x0000000000109000 	/System/Library/Frameworks/MetalPerformanceShaders.framework/Versions/A/Frameworks/MPSImage.framework/Versions/A/MPSImage
0x0000000000109000 	/System/Library/Frameworks/MetalPerformanceShaders.framework/Versions/A/Frameworks/MPSNeuralNetwork.framework/Versions/A/MPSNeuralNetwork
0x0000000000109000 	/System/Library/Frameworks/MetalPerformanceShaders.framework/Versions/A/Frameworks/MPSMatrix.framework/Versions/A/MPSMatrix
0x0000000000109000 	/System/Library/Frameworks/MetalPerformanceShaders.framework/Versions/A/Frameworks/MPSRayIntersector.framework/Versions/A/MPSRayIntersector
0x0000000000109000 	/System/Library/Frameworks/MetalPerformanceShaders.framework/Versions/A/Frameworks/MPSNDArray.framework/Versions/A/MPSNDArray
0x0000000000109000 	/System/Library/PrivateFrameworks/MetalTools.framework/Versions/A/MetalTools
0x0000000000109000 	/System/Library/PrivateFrameworks/AggregateDictionary.framework/Versions/A/AggregateDictionary
0x0000000000109000 	/System/Library/PrivateFrameworks/CoreAnalytics.framework/Versions/A/CoreAnalytics
0x0000000000109000 	/System/Library/PrivateFrameworks/AppleSauce.framework/Versions/A/AppleSauce
0x0000000000109000 	/System/Library/PrivateFrameworks/IOAccelerator.framework/Versions/A/IOAccelerator
0x0000000000109000 	/System/Library/Frameworks/OpenGL.framework/Versions/A/Libraries/libCoreFSCache.dylib
0x0000000000109000 	/System/Library/PrivateFrameworks/LanguageModeling.framework/Versions/A/LanguageModeling
0x0000000000109000 	/System/Library/PrivateFrameworks/CoreEmoji.framework/Versions/A/CoreEmoji
0x0000000000109000 	/System/Library/PrivateFrameworks/LinguisticData.framework/Versions/A/LinguisticData
0x0000000000109000 	/System/Library/PrivateFrameworks/Lexicon.framework/Versions/A/Lexicon
0x0000000000109000 	/usr/lib/libcmph.dylib
0x0000000000109000 	/System/Library/Frameworks/OpenDirectory.framework/Versions/A/Frameworks/CFOpenDirectory.framework/Versions/A/CFOpenDirectory
0x0000000000109000 	/System/Library/Frameworks/OpenDirectory.framework/Versions/A/OpenDirectory
0x0000000000109000 	/System/Library/PrivateFrameworks/APFS.framework/Versions/A/APFS
0x0000000000109000 	/System/Library/Frameworks/SecurityFoundation.framework/Versions/A/SecurityFoundation
0x0000000000109000 	/usr/lib/libutil.dylib
0x0000000000109000 	/System/Library/PrivateFrameworks/CoreServicesStore.framework/Versions/A/CoreServicesStore
0x0000000000109000 	/System/Library/Frameworks/ServiceManagement.framework/Versions/A/ServiceManagement
0x0000000000109000 	/usr/lib/libxslt.1.dylib
0x0000000000109000 	/System/Library/PrivateFrameworks/BackgroundTaskManagement.framework/Versions/A/BackgroundTaskManagement
0x0000000000109000 	/System/Library/Frameworks/ImageIO.framework/Versions/A/Resources/libRadiance.dylib
0x0000000000109000 	/System/Library/Frameworks/ImageIO.framework/Versions/A/Resources/libJPEG.dylib
0x0000000000109000 	/System/Library/Frameworks/ImageIO.framework/Versions/A/Resources/libPng.dylib
0x0000000000109000 	/System/Library/Frameworks/ImageIO.framework/Versions/A/Resources/libTIFF.dylib
0x0000000000109000 	/System/Library/Frameworks/ImageIO.framework/Versions/A/Resources/libGIF.dylib
0x0000000000109000 	/System/Library/Frameworks/ImageIO.framework/Versions/A/Resources/libJP2.dylib
0x0000000000109000 	/usr/lib/libexpat.1.dylib
0x0000000000109000 	/System/Library/PrivateFrameworks/AppleJPEG.framework/Versions/A/AppleJPEG
0x0000000000109000 	/System/Library/PrivateFrameworks/FontServices.framework/libFontParser.dylib
0x0000000000109000 	/System/Library/PrivateFrameworks/RunningBoardServices.framework/Versions/A/RunningBoardServices
0x0000000000109000 	/System/Library/PrivateFrameworks/WatchdogClient.framework/Versions/A/WatchdogClient
0x0000000000109000 	/System/Library/Frameworks/CoreDisplay.framework/Versions/A/CoreDisplay
0x0000000000109000 	/System/Library/Frameworks/CoreMedia.framework/Versions/A/CoreMedia
0x0000000000109000 	/System/Library/Frameworks/CoreVideo.framework/Versions/A/CoreVideo
0x0000000000109000 	/System/Library/Frameworks/VideoToolbox.framework/Versions/A/VideoToolbox
0x0000000000109000 	/System/Library/PrivateFrameworks/BaseBoard.framework/Versions/A/BaseBoard
0x0000000000109000 	/System/Library/PrivateFrameworks/PersistentConnection.framework/Versions/A/PersistentConnection
0x0000000000109000 	/System/Library/PrivateFrameworks/ProtocolBuffer.framework/Versions/A/ProtocolBuffer
0x0000000000109000 	/System/Library/PrivateFrameworks/CommonUtilities.framework/Versions/A/CommonUtilities
0x0000000000109000 	/System/Library/PrivateFrameworks/Bom.framework/Versions/A/Bom
0x0000000000109000 	/System/Library/PrivateFrameworks/GPUWrangler.framework/Versions/A/GPUWrangler
0x0000000000109000 	/System/Library/PrivateFrameworks/IOPresentment.framework/Versions/A/IOPresentment
0x0000000000109000 	/System/Library/PrivateFrameworks/DSExternalDisplay.framework/Versions/A/DSExternalDisplay
0x0000000000109000 	/System/Library/PrivateFrameworks/CMCaptureCore.framework/Versions/A/CMCaptureCore
0x0000000000109000 	/System/Library/PrivateFrameworks/AppServerSupport.framework/Versions/A/AppServerSupport
0x0000000000109000 	/System/Library/PrivateFrameworks/perfdata.framework/Versions/A/perfdata
0x0000000000109000 	/System/Library/PrivateFrameworks/AssertionServices.framework/Versions/A/AssertionServices
0x0000000000109000 	/System/Library/PrivateFrameworks/AudioToolboxCore.framework/Versions/A/AudioToolboxCore
0x0000000000109000 	/System/Library/PrivateFrameworks/caulk.framework/Versions/A/caulk
0x0000000000109000 	/System/Library/PrivateFrameworks/SystemPolicy.framework/Versions/A/SystemPolicy
0x0000000000109000 	/usr/lib/libIOReport.dylib
0x0000000000109000 	/usr/lib/libSMC.dylib
0x0000000000109000 	/usr/lib/libAudioToolboxUtility.dylib
0x0000000000109000 	/usr/lib/libmis.dylib
0x0000000000109000 	/System/Library/Frameworks/OpenGL.framework/Versions/A/Libraries/libGLU.dylib
0x0000000000109000 	/System/Library/Frameworks/OpenGL.framework/Versions/A/Libraries/libGFXShared.dylib
0x0000000000109000 	/System/Library/Frameworks/OpenGL.framework/Versions/A/Libraries/libGL.dylib
0x0000000000109000 	/System/Library/Frameworks/OpenGL.framework/Versions/A/Libraries/libGLImage.dylib
0x0000000000109000 	/System/Library/Frameworks/OpenGL.framework/Versions/A/Libraries/libCVMSPluginSupport.dylib
0x0000000000109000 	/System/Library/Frameworks/OpenGL.framework/Versions/A/Libraries/libCoreVMClient.dylib
0x0000000000109000 	/System/Library/Frameworks/OpenCL.framework/Versions/A/OpenCL
0x0000000000109000 	/System/Library/PrivateFrameworks/GraphVisualizer.framework/Versions/A/GraphVisualizer
0x0000000000109000 	/System/Library/PrivateFrameworks/FaceCore.framework/Versions/A/FaceCore
0x0000000000109000 	/System/Library/PrivateFrameworks/OTSVG.framework/Versions/A/OTSVG
0x0000000000109000 	/System/Library/Frameworks/ApplicationServices.framework/Versions/A/Frameworks/ATS.framework/Versions/A/Resources/libFontRegistry.dylib
0x0000000000109000 	/System/Library/PrivateFrameworks/FontServices.framework/libhvf.dylib
0x0000000000109000 	/System/Library/PrivateFrameworks/AppleVA.framework/Versions/A/AppleVA
0x0000000000109000 	/System/Library/Frameworks/ApplicationServices.framework/Versions/A/Frameworks/ATS.framework/Versions/A/ATS
0x0000000000109000 	/System/Library/Frameworks/ApplicationServices.framework/Versions/A/Frameworks/ColorSyncLegacy.framework/Versions/A/ColorSyncLegacy
0x0000000000109000 	/System/Library/Frameworks/ApplicationServices.framework/Versions/A/Frameworks/HIServices.framework/Versions/A/HIServices
0x0000000000109000 	/System/Library/Frameworks/ApplicationServices.framework/Versions/A/Frameworks/LangAnalysis.framework/Versions/A/LangAnalysis
0x0000000000109000 	/System/Library/Frameworks/ApplicationServices.framework/Versions/A/Frameworks/PrintCore.framework/Versions/A/PrintCore
0x0000000000109000 	/System/Library/Frameworks/ApplicationServices.framework/Versions/A/Frameworks/QD.framework/Versions/A/QD
0x0000000000109000 	/System/Library/Frameworks/ApplicationServices.framework/Versions/A/Frameworks/SpeechSynthesis.framework/Versions/A/SpeechSynthesis
0x0000000000109000 	/System/Library/Frameworks/ApplicationServices.framework/Versions/A/Frameworks/ATSUI.framework/Versions/A/ATSUI
0x0000000000109000 	/usr/lib/libcups.2.dylib
0x0000000000109000 	/System/Library/PrivateFrameworks/NetAuth.framework/Versions/A/NetAuth
0x0000000000109000 	/System/Library/Frameworks/Kerberos.framework/Versions/A/Kerberos
0x0000000000109000 	/System/Library/Frameworks/GSS.framework/Versions/A/GSS
0x0000000000109000 	/usr/lib/libresolv.9.dylib
0x0000000000109000 	/System/Library/PrivateFrameworks/Heimdal.framework/Versions/A/Heimdal
0x0000000000109000 	/System/Library/Frameworks/Kerberos.framework/Versions/A/Libraries/libHeimdalProxy.dylib
0x0000000000109000 	/System/Library/Frameworks/Network.framework/Versions/A/Network
0x0000000000109000 	/usr/lib/libheimdal-asn1.dylib
0x0000000000109000 	/System/Library/PrivateFrameworks/CommonAuth.framework/Versions/A/CommonAuth
0x0000000000109000 	/System/Library/PrivateFrameworks/login.framework/Versions/A/Frameworks/loginsupport.framework/Versions/A/loginsupport
0x0000000000109000 	/System/Library/PrivateFrameworks/AudioSession.framework/Versions/A/AudioSession
0x0000000000109000 	/usr/lib/libAudioStatistics.dylib
0x0000000000109000 	/System/Library/PrivateFrameworks/MediaExperience.framework/Versions/A/MediaExperience
0x0000000000109000 	/System/Library/PrivateFrameworks/AudioSession.framework/libSessionUtility.dylib
0x0000000000109000 	/usr/lib/libperfcheck.dylib
0x0000000000109000 	/System/Library/PrivateFrameworks/AudioResourceArbitration.framework/Versions/A/AudioResourceArbitration
0x0000000000109000 	/System/Library/PrivateFrameworks/IconFoundation.framework/Versions/A/IconFoundation
0x0000000000109000 	/System/Library/PrivateFrameworks/SpeechRecognitionCore.framework/Versions/A/SpeechRecognitionCore
0x000000010c01a000 	/Library/Internet Plug-Ins/JavaAppletPlugin.plugin/Contents/Home/lib/server/libjvm.dylib
0x0000000000109000 	/usr/lib/libstdc++.6.dylib
0x000000010cfc1000 	/Library/Internet Plug-Ins/JavaAppletPlugin.plugin/Contents/Home/lib/libverify.dylib
0x000000010cfcf000 	/Library/Internet Plug-Ins/JavaAppletPlugin.plugin/Contents/Home/lib/libjava.dylib
0x000000010d04e000 	/Library/Internet Plug-Ins/JavaAppletPlugin.plugin/Contents/Home/lib/libzip.dylib
0x0000000000109000 	/System/Library/Frameworks/JavaRuntimeSupport.framework/Versions/A/JavaRuntimeSupport
0x0000000000109000 	/System/Library/Frameworks/Carbon.framework/Versions/A/Carbon
0x0000000000109000 	/System/Library/PrivateFrameworks/CoreSymbolication.framework/Versions/A/CoreSymbolication
0x0000000000109000 	/System/Library/Frameworks/Carbon.framework/Versions/A/Frameworks/CommonPanels.framework/Versions/A/CommonPanels
0x0000000000109000 	/System/Library/Frameworks/Carbon.framework/Versions/A/Frameworks/Help.framework/Versions/A/Help
0x0000000000109000 	/System/Library/Frameworks/Carbon.framework/Versions/A/Frameworks/ImageCapture.framework/Versions/A/ImageCapture
0x0000000000109000 	/System/Library/Frameworks/Carbon.framework/Versions/A/Frameworks/OpenScripting.framework/Versions/A/OpenScripting
0x0000000000109000 	/System/Library/Frameworks/Carbon.framework/Versions/A/Frameworks/Ink.framework/Versions/A/Ink
0x0000000000109000 	/System/Library/Frameworks/Carbon.framework/Versions/A/Frameworks/Print.framework/Versions/A/Print
0x0000000000109000 	/System/Library/Frameworks/Carbon.framework/Versions/A/Frameworks/SecurityHI.framework/Versions/A/SecurityHI
0x0000000000109000 	/System/Library/PrivateFrameworks/DebugSymbols.framework/Versions/A/DebugSymbols
0x000000010de9b000 	/Library/Internet Plug-Ins/JavaAppletPlugin.plugin/Contents/Home/lib/libawt.dylib
0x00000001257dd000 	/Library/Internet Plug-Ins/JavaAppletPlugin.plugin/Contents/Home/lib/libmlib_image.dylib
0x0000000000109000 	/System/Library/Frameworks/JavaNativeFoundation.framework/Versions/A/JavaNativeFoundation
0x000000010df43000 	/Library/Internet Plug-Ins/JavaAppletPlugin.plugin/Contents/Home/lib/libawt_lwawt.dylib
0x00000001258a9000 	/Library/Internet Plug-Ins/JavaAppletPlugin.plugin/Contents/Home/lib/libosxapp.dylib
0x0000000000109000 	/System/Library/Frameworks/ExceptionHandling.framework/Versions/A/ExceptionHandling
0x0000000000109000 	/System/Library/PrivateFrameworks/CoreServicesInternal.framework/Versions/A/CoreServicesInternal
0x0000000000109000 	/System/Library/Frameworks/FileProvider.framework/Versions/A/FileProvider
0x0000000000109000 	/System/Library/Frameworks/Accounts.framework/Versions/A/Accounts
0x0000000000109000 	/System/Library/PrivateFrameworks/GenerationalStorage.framework/Versions/A/GenerationalStorage
0x0000000000109000 	/System/Library/PrivateFrameworks/SymptomDiagnosticReporter.framework/Versions/A/SymptomDiagnosticReporter
0x0000000000109000 	/System/Library/PrivateFrameworks/AppContainer.framework/Versions/A/AppContainer
0x0000000000109000 	/System/Library/PrivateFrameworks/DesktopServicesPriv.framework/Versions/A/DesktopServicesPriv
0x0000000000109000 	/usr/lib/libsandbox.1.dylib
0x0000000000109000 	/System/Library/PrivateFrameworks/UserManagement.framework/Versions/A/UserManagement
0x0000000000109000 	/System/Library/PrivateFrameworks/MobileKeyBag.framework/Versions/A/MobileKeyBag
0x0000000000109000 	/System/Library/PrivateFrameworks/ChunkingLibrary.framework/Versions/A/ChunkingLibrary
0x0000000000109000 	/System/Library/PrivateFrameworks/SecCodeWrapper.framework/Versions/A/SecCodeWrapper
0x0000000000109000 	/System/Library/PrivateFrameworks/CrashReporterSupport.framework/Versions/A/CrashReporterSupport
0x0000000000109000 	/System/Library/PrivateFrameworks/OSAnalytics.framework/Versions/A/OSAnalytics
0x0000000000109000 	/usr/lib/libRosetta.dylib
0x0000000000109000 	/System/Library/PrivateFrameworks/RemoteServiceDiscovery.framework/Versions/A/RemoteServiceDiscovery
0x0000000000109000 	/System/Library/PrivateFrameworks/Symbolication.framework/Versions/A/Symbolication
0x0000000000109000 	/System/Library/PrivateFrameworks/RemoteXPC.framework/Versions/A/RemoteXPC
0x0000000000109000 	/System/Library/PrivateFrameworks/OSAServicesClient.framework/Versions/A/OSAServicesClient
0x0000000000109000 	/System/Library/PrivateFrameworks/MallocStackLogging.framework/Versions/A/MallocStackLogging
0x0000000000109000 	/System/Library/PrivateFrameworks/Sharing.framework/Versions/A/Sharing
0x0000000000109000 	/System/Library/PrivateFrameworks/Apple80211.framework/Versions/A/Apple80211
0x0000000000109000 	/System/Library/PrivateFrameworks/AuthKit.framework/Versions/A/AuthKit
0x0000000000109000 	/System/Library/PrivateFrameworks/CoreUtils.framework/Versions/A/CoreUtils
0x0000000000109000 	/System/Library/Frameworks/CoreWLAN.framework/Versions/A/CoreWLAN
0x0000000000109000 	/System/Library/Frameworks/IOBluetooth.framework/Versions/A/IOBluetooth
0x0000000000109000 	/System/Library/PrivateFrameworks/CoreWiFi.framework/Versions/A/CoreWiFi
0x0000000000109000 	/System/Library/PrivateFrameworks/CorePhoneNumbers.framework/Versions/A/CorePhoneNumbers
0x0000000000109000 	/System/Library/PrivateFrameworks/DiskManagement.framework/Versions/A/DiskManagement
0x0000000000109000 	/System/Library/PrivateFrameworks/AppleIDAuthSupport.framework/Versions/A/AppleIDAuthSupport
0x0000000000109000 	/System/Library/PrivateFrameworks/KeychainCircle.framework/Versions/A/KeychainCircle
0x0000000000109000 	/System/Library/PrivateFrameworks/MediaKit.framework/Versions/A/MediaKit
0x0000000000109000 	/System/Library/Frameworks/DiscRecording.framework/Versions/A/DiscRecording
0x0000000000109000 	/usr/lib/libCoreStorage.dylib
0x0000000000109000 	/usr/lib/libcsfde.dylib
0x0000000000109000 	/System/Library/PrivateFrameworks/ProtectedCloudStorage.framework/Versions/A/ProtectedCloudStorage
0x0000000000109000 	/System/Library/PrivateFrameworks/EFILogin.framework/Versions/A/EFILogin
0x0000000000109000 	/System/Library/Frameworks/AudioUnit.framework/Versions/A/AudioUnit
0x0000000000109000 	/System/Library/Frameworks/CoreBluetooth.framework/Versions/A/CoreBluetooth
0x0000000000109000 	/usr/lib/libMatch.1.dylib
0x0000000000109000 	/System/Library/CoreServices/RawCamera.bundle/Contents/MacOS/RawCamera
0x0000000000109000 	/System/Library/PrivateFrameworks/MobileAsset.framework/Versions/A/MobileAsset
0x0000000000109000 	/System/Library/PrivateFrameworks/StreamingZip.framework/Versions/A/StreamingZip
0x0000000000109000 	/System/Library/Frameworks/MediaToolbox.framework/Versions/A/MediaToolbox
0x0000000000109000 	/System/Library/PrivateFrameworks/CoreAVCHD.framework/Versions/A/CoreAVCHD
0x0000000000109000 	/System/Library/Frameworks/MediaAccessibility.framework/Versions/A/MediaAccessibility
0x0000000000109000 	/System/Library/PrivateFrameworks/Mangrove.framework/Versions/A/Mangrove
0x0000000000109000 	/System/Library/PrivateFrameworks/AlgosScoreFramework.framework/Versions/A/AlgosScoreFramework
0x0000000000109000 	/System/Library/PrivateFrameworks/AppleVPA.framework/Versions/A/AppleVPA
0x0000000000109000 	/System/Library/PrivateFrameworks/CoreAUC.framework/Versions/A/CoreAUC
0x0000000000109000 	/System/Library/Frameworks/Accelerate.framework/Versions/A/Frameworks/vImage.framework/Versions/A/Libraries/libCGInterfaces.dylib
0x0000000127981000 	/usr/lib/libobjc-trampolines.dylib
0x0000000000109000 	/System/Library/PrivateFrameworks/FamilyControls.framework/Versions/A/FamilyControls
0x0000000000109000 	/System/Library/PrivateFrameworks/CommerceKit.framework/Versions/A/Frameworks/CommerceCore.framework/Versions/A/CommerceCore
0x0000000000109000 	/System/Library/PrivateFrameworks/SystemAdministration.framework/Versions/A/SystemAdministration
0x0000000000109000 	/System/Library/PrivateFrameworks/login.framework/Versions/A/login
0x0000000000109000 	/System/Library/Frameworks/DirectoryService.framework/Versions/A/DirectoryService
0x0000000000109000 	/System/Library/PrivateFrameworks/DiskImages.framework/Versions/A/DiskImages
0x0000000000109000 	/System/Library/PrivateFrameworks/LoginUIKit.framework/Versions/A/Frameworks/LoginUICore.framework/Versions/A/LoginUICore
0x0000000000109000 	/usr/lib/libodfde.dylib
0x0000000000109000 	/usr/lib/libcurl.4.dylib
0x0000000000109000 	/usr/lib/libcrypto.44.dylib
0x0000000000109000 	/usr/lib/libssl.46.dylib
0x0000000000109000 	/System/Library/Frameworks/LDAP.framework/Versions/A/LDAP
0x0000000000109000 	/System/Library/PrivateFrameworks/TrustEvaluationAgent.framework/Versions/A/TrustEvaluationAgent
0x0000000000109000 	/usr/lib/libsasl2.2.dylib
0x0000000000109000 	/System/Library/PrivateFrameworks/CoreDaemon.framework/Versions/B/CoreDaemon
0x0000000000109000 	/System/Library/PrivateFrameworks/AppleSRP.framework/Versions/A/AppleSRP
0x0000000000109000 	/System/Library/PrivateFrameworks/ViewBridge.framework/Versions/A/ViewBridge
0x0000000000109000 	/System/Library/PrivateFrameworks/AccessibilityBundles.framework/Versions/A/AccessibilityBundles
0x0000000000109000 	/System/Library/Frameworks/OpenGL.framework/Versions/A/Resources/GLEngine.bundle/GLEngine
0x0000000000109000 	/System/Library/Frameworks/OpenGL.framework/Versions/A/Libraries/libGLProgrammability.dylib
0x0000000000109000 	/System/Library/Extensions/AppleIntelSKLGraphicsGLDriver.bundle/Contents/MacOS/AppleIntelSKLGraphicsGLDriver
0x0000000000109000 	/System/Library/PrivateFrameworks/GPUSupport.framework/Versions/A/Libraries/libGPUSupportMercury.dylib
0x0000000000109000 	/System/Library/Frameworks/OpenGL.framework/Versions/A/Resources/GLRendererFloat.bundle/GLRendererFloat
0x000000012a702000 	/Library/Internet Plug-Ins/JavaAppletPlugin.plugin/Contents/Home/lib/libfontmanager.dylib
0x000000012a769000 	/Library/Internet Plug-Ins/JavaAppletPlugin.plugin/Contents/Home/lib/libosxui.dylib
0x000000012ad27000 	/Library/Internet Plug-Ins/JavaAppletPlugin.plugin/Contents/Home/lib/libnet.dylib
0x000000012ab3b000 	/Library/Internet Plug-Ins/JavaAppletPlugin.plugin/Contents/Home/lib/libnio.dylib
0x000000012a6df000 	/private/var/folders/lf/8lmzp80x7bd4dq00mzmtdytw0000gn/T/jogamp_0000/file_cache/jln4344497142862359023/jln2350962340705442909/natives/macosx-universal/libgluegen_rt.dylib
0x000000012a6fe000 	/private/var/folders/lf/8lmzp80x7bd4dq00mzmtdytw0000gn/T/jogamp_0000/file_cache/jln4344497142862359023/jln2350962340705442909/natives/macosx-universal/libnativewindow_awt.dylib
0x0000000161b29000 	/Library/Internet Plug-Ins/JavaAppletPlugin.plugin/Contents/Home/lib/libjawt.dylib
0x0000000161b2c000 	/private/var/folders/lf/8lmzp80x7bd4dq00mzmtdytw0000gn/T/jogamp_0000/file_cache/jln4344497142862359023/jln2350962340705442909/natives/macosx-universal/libnativewindow_macosx.dylib
0x0000000161d36000 	/private/var/folders/lf/8lmzp80x7bd4dq00mzmtdytw0000gn/T/jogamp_0000/file_cache/jln4344497142862359023/jln2350962340705442909/natives/macosx-universal/libjogl_desktop.dylib
0x0000000161e0c000 	/private/var/folders/lf/8lmzp80x7bd4dq00mzmtdytw0000gn/T/jogamp_0000/file_cache/jln4344497142862359023/jln2350962340705442909/natives/macosx-universal/libjogl_mobile.dylib
0x0000000000109000 	/System/Library/Extensions/AppleIntelSKLGraphicsMTLDriver.bundle/Contents/MacOS/AppleIntelSKLGraphicsMTLDriver
0x0000000000109000 	/System/Library/PrivateFrameworks/GPURawCounter.framework/Versions/A/GPURawCounter
0x0000000000109000 	/System/Library/PrivateFrameworks/GPUCompiler.framework/Versions/31001/Libraries/libmetal_timestamp.dylib

VM Arguments:
jvm_args: -Dfile.encoding=UTF-8 
java_command: finalproject.App
java_class_path (initial): /Users/hannahreed/eclipse-workspace/comp559/FinalProject/bin:/Users/hannahreed/Downloads/comp559W21A1Provided/comp559W19/jars/jogamp-fat.jar:/Users/hannahreed/Downloads/comp559W21A1Provided/comp559W19/jars/jogamp-fat-java-src.zip:/Users/hannahreed/Downloads/comp559W21A1Provided/comp559W19/jars/mintools.jar:/Users/hannahreed/Downloads/comp559W21A1Provided/comp559W19/jars/mtj.jar:/Users/hannahreed/Downloads/comp559W21A1Provided/comp559W19/jars/mtjsrc.zip:/Users/hannahreed/Downloads/comp559W21A1Provided/comp559W19/jars/slf4j-api-1.7.30.jar:/Users/hannahreed/Downloads/comp559W21A1Provided/comp559W19/jars/slf4j-simple-1.7.30.jar:/Users/hannahreed/Downloads/comp559W21A1Provided/comp559W19/jars/vecmath.jar:/Users/hannahreed/Downloads/comp559W21A1Provided/comp559W19/jars/xuggle-xuggler-5.4.jar
Launcher Type: SUN_STANDARD

Environment Variables:
PATH=/usr/bin:/bin:/usr/sbin:/sbin
SHELL=/bin/bash
DISPLAY=/private/tmp/com.apple.launchd.rKhgkYZgHa/org.macosforge.xquartz:0

Signal Handlers:
SIGSEGV: [libjvm.dylib+0x5b26e5], sa_mask[0]=11111111011111110111111111111111, sa_flags=SA_ONSTACK|SA_RESTART|SA_SIGINFO
SIGBUS: [libjvm.dylib+0x5b26e5], sa_mask[0]=11111111011111110111111111111111, sa_flags=SA_RESTART|SA_SIGINFO
SIGFPE: [libjvm.dylib+0x489100], sa_mask[0]=11111111011111110111111111111111, sa_flags=SA_RESTART|SA_SIGINFO
SIGPIPE: [libjvm.dylib+0x489100], sa_mask[0]=11111111011111110111111111111111, sa_flags=SA_RESTART|SA_SIGINFO
SIGXFSZ: [libjvm.dylib+0x489100], sa_mask[0]=11111111011111110111111111111111, sa_flags=SA_RESTART|SA_SIGINFO
SIGILL: [libjvm.dylib+0x489100], sa_mask[0]=11111111011111110111111111111111, sa_flags=SA_RESTART|SA_SIGINFO
SIGUSR1: SIG_DFL, sa_mask[0]=00000000000000000000000000000000, sa_flags=none
SIGUSR2: [libjvm.dylib+0x488c1e], sa_mask[0]=00100000000000000000000000000000, sa_flags=SA_RESTART|SA_SIGINFO
SIGHUP: [libjvm.dylib+0x4871f5], sa_mask[0]=11111111011111110111111111111111, sa_flags=SA_RESTART|SA_SIGINFO
SIGINT: [libjvm.dylib+0x4871f5], sa_mask[0]=11111111011111110111111111111111, sa_flags=SA_RESTART|SA_SIGINFO
SIGTERM: [libjvm.dylib+0x4871f5], sa_mask[0]=11111111011111110111111111111111, sa_flags=SA_RESTART|SA_SIGINFO
SIGQUIT: [libjvm.dylib+0x4871f5], sa_mask[0]=11111111011111110111111111111111, sa_flags=SA_RESTART|SA_SIGINFO


---------------  S Y S T E M  ---------------

OS:Bsduname:Darwin 20.3.0 Darwin Kernel Version 20.3.0: Thu Jan 21 00:07:06 PST 2021; root:xnu-7195.81.3~1/RELEASE_X86_64 x86_64
rlimit: STACK 8192k, CORE 0k, NPROC 1392, NOFILE 10240, AS infinity
load average:3.89 3.85 4.07

CPU:total 4 (initial active 4) (2 cores per cpu, 2 threads per core) family 6 model 78 stepping 3, cmov, cx8, fxsr, mmx, sse, sse2, sse3, ssse3, sse4.1, sse4.2, popcnt, avx, avx2, aes, clmul, erms, 3dnowpref, lzcnt, ht, tsc, tscinvbit, bmi1, bmi2, adx

Memory: 4k page, physical 8388608k(32108k free)

/proc/meminfo:


vm_info: Java HotSpot(TM) 64-Bit Server VM (25.141-b15) for bsd-amd64 JRE (1.8.0_141-b15), built on Jul 12 2017 04:35:23 by "java_re" with gcc 4.2.1 (Based on Apple Inc. build 5658) (LLVM build 2336.11.00)

time: Tue Apr 20 21:34:59 2021
elapsed time: 7575 seconds (0d 2h 6m 15s)

